TN:
SF:contracts/src/Marketplace.sol
FN:78,
FNDA:0,
DA:79,0
DA:84,0
DA:85,0
DA:86,0
FN:89,setLandBank
FNDA:0,setLandBank
DA:90,0
DA:91,0
DA:92,0
FN:95,sell
FNDA:0,sell
DA:102,0
DA:108,0
DA:115,0
DA:118,0
BRDA:118,0,0,-
DA:120,0
FN:126,getPrice
FNDA:0,getPrice
DA:135,0
BRDA:135,1,0,-
DA:136,0
BRDA:136,2,0,-
DA:137,0
DA:138,0
FN:141,buy
FNDA:0,buy
DA:147,0
DA:151,0
DA:152,0
DA:156,0
DA:157,0
BRDA:157,3,0,-
DA:158,0
DA:166,0
DA:168,0
DA:169,0
DA:170,0
DA:171,0
DA:177,0
DA:178,0
DA:181,0
DA:184,0
DA:187,0
DA:190,0
DA:194,0
BRDA:157,3,1,-
DA:203,0
DA:204,0
DA:205,0
DA:206,0
DA:207,0
DA:212,0
DA:217,0
DA:218,0
DA:226,0
DA:231,0
DA:232,0
DA:237,0
DA:239,0
DA:240,0
DA:241,0
DA:243,0
FN:247,createAuction
FNDA:0,createAuction
DA:253,0
DA:257,0
DA:261,0
DA:266,0
DA:267,0
DA:268,0
DA:269,0
FN:276,bid
FNDA:0,bid
DA:281,0
DA:284,0
DA:290,0
DA:295,0
DA:296,0
DA:301,0
BRDA:301,4,0,-
DA:302,0
DA:307,0
DA:312,0
BRDA:312,5,0,-
DA:313,0
DA:317,0
DA:324,0
DA:325,0
BRDA:301,4,1,-
DA:327,0
DA:332,0
DA:336,0
DA:343,0
BRDA:343,6,0,-
DA:344,0
DA:348,0
DA:354,0
DA:355,0
FN:363,withdrawAuction
FNDA:0,withdrawAuction
DA:364,0
DA:369,0
BRDA:368,7,0,-
DA:373,0
DA:380,0
FN:383,canFinalize
FNDA:0,canFinalize
DA:385,0
BRDA:384,8,0,-
DA:390,0
BRDA:384,8,1,-
DA:392,0
FN:399,auctionFinalize
FNDA:0,auctionFinalize
DA:400,0
DA:404,0
DA:406,0
BRDA:406,9,0,-
DA:408,0
DA:409,0
DA:411,0
DA:413,0
DA:415,0
DA:417,0
DA:422,0
DA:423,0
DA:430,0
DA:431,0
DA:435,0
DA:440,0
DA:448,0
DA:449,0
DA:452,0
DA:458,0
FN:461,sellToBank
FNDA:0,sellToBank
DA:462,0
DA:467,0
DA:469,0
FN:472,buyFromBank
FNDA:0,buyFromBank
DA:477,0
DA:481,0
BRDA:481,10,0,-
DA:482,0
DA:494,0
DA:495,0
DA:506,0
DA:509,0
BRDA:481,10,1,-
DA:511,0
DA:518,0
DA:523,0
DA:524,0
DA:531,0
DA:532,0
FN:536,withdrawFromLandBank
FNDA:0,withdrawFromLandBank
DA:539,0
DA:540,0
FNF:13
FNH:0
LF:122
LH:0
BRF:15
BRH:0
end_of_record
TN:
SF:contracts/src/LandNFT.sol
FN:92,
FNDA:0,
DA:93,0
BRDA:93,0,0,-
DA:94,0
BRDA:93,0,1,-
DA:96,0
DA:98,0
DA:99,0
DA:100,0
DA:101,0
DA:102,0
DA:104,0
FN:120,setAdmin
FNDA:1,setAdmin
DA:121,1
BRDA:121,1,0,-
DA:122,0
BRDA:121,1,1,1
DA:123,1
BRDA:123,2,0,-
DA:124,0
BRDA:123,2,1,1
DA:126,1
DA:128,1
FN:133,setPrice
FNDA:1,setPrice
DA:134,1
BRDA:134,3,0,-
DA:135,0
BRDA:134,3,1,1
DA:137,1
FN:143,setCommissionRate
FNDA:1,setCommissionRate
DA:144,1
DA:145,1
BRDA:145,4,0,-
DA:146,0
BRDA:145,4,1,1
DA:147,1
BRDA:147,5,0,-
DA:148,0
BRDA:147,5,1,1
DA:150,1
DA:152,1
FN:157,setDevFund
FNDA:0,setDevFund
DA:158,0
DA:159,0
BRDA:159,6,0,-
DA:160,0
BRDA:159,6,1,-
DA:161,0
BRDA:161,7,0,-
DA:162,0
BRDA:161,7,1,-
DA:164,0
DA:166,0
FN:171,setLandBank
FNDA:1,setLandBank
DA:172,1
DA:173,1
BRDA:173,8,0,-
DA:174,0
BRDA:173,8,1,1
DA:175,1
BRDA:175,9,0,-
DA:176,0
BRDA:175,9,1,1
DA:178,1
DA:180,1
FN:184,pause
FNDA:2,pause
DA:185,2
BRDA:185,10,0,-
DA:186,0
BRDA:185,10,1,2
DA:188,2
DA:191,2
FN:195,unpause
FNDA:1,unpause
DA:196,1
BRDA:196,11,0,-
DA:197,0
BRDA:196,11,1,1
DA:199,1
DA:201,1
FN:209,safeMint
FNDA:0,safeMint
DA:215,0
BRDA:215,12,0,-
DA:216,0
BRDA:216,13,0,-
DA:217,0
BRDA:216,13,1,-
DA:220,0
DA:225,0
DA:226,0
DA:231,0
DA:238,0
BRDA:215,12,1,-
DA:241,0
DA:246,0
DA:247,0
DA:254,0
DA:255,0
DA:257,0
DA:258,0
DA:259,0
DA:260,0
DA:261,0
DA:262,0
DA:264,0
DA:265,0
FN:273,getLength
FNDA:0,getLength
DA:274,0
FN:279,getETHPrice
FNDA:0,getETHPrice
DA:280,0
FNF:11
FNH:6
LF:70
LH:22
BRF:28
BRH:9
end_of_record
TN:
SF:contracts/src/LandNft.sol
FN:92,
FNDA:0,
DA:93,0
BRDA:93,0,0,-
DA:94,0
BRDA:93,0,1,-
DA:96,0
DA:98,0
DA:99,0
DA:100,0
DA:101,0
DA:102,0
DA:104,0
FN:120,setAdmin
FNDA:0,setAdmin
DA:121,0
BRDA:121,1,0,-
DA:122,0
BRDA:121,1,1,-
DA:123,0
BRDA:123,2,0,-
DA:124,0
BRDA:123,2,1,-
DA:126,0
DA:128,0
FN:133,setPrice
FNDA:0,setPrice
DA:134,0
BRDA:134,3,0,-
DA:135,0
BRDA:134,3,1,-
DA:137,0
FN:143,setCommissionRate
FNDA:0,setCommissionRate
DA:144,0
DA:145,0
BRDA:145,4,0,-
DA:146,0
BRDA:145,4,1,-
DA:147,0
BRDA:147,5,0,-
DA:148,0
BRDA:147,5,1,-
DA:150,0
DA:152,0
FN:157,setDevFund
FNDA:0,setDevFund
DA:158,0
DA:159,0
BRDA:159,6,0,-
DA:160,0
BRDA:159,6,1,-
DA:161,0
BRDA:161,7,0,-
DA:162,0
BRDA:161,7,1,-
DA:164,0
DA:166,0
FN:171,setLandBank
FNDA:0,setLandBank
DA:172,0
DA:173,0
BRDA:173,8,0,-
DA:174,0
BRDA:173,8,1,-
DA:175,0
BRDA:175,9,0,-
DA:176,0
BRDA:175,9,1,-
DA:178,0
DA:180,0
FN:184,pause
FNDA:0,pause
DA:185,0
BRDA:185,10,0,-
DA:186,0
BRDA:185,10,1,-
DA:188,0
DA:191,0
FN:195,unpause
FNDA:0,unpause
DA:196,0
BRDA:196,11,0,-
DA:197,0
BRDA:196,11,1,-
DA:199,0
DA:201,0
FN:209,safeMint
FNDA:0,safeMint
DA:215,0
BRDA:215,12,0,-
DA:216,0
BRDA:216,13,0,-
DA:217,0
BRDA:216,13,1,-
DA:220,0
DA:225,0
DA:226,0
DA:231,0
DA:238,0
BRDA:215,12,1,-
DA:241,0
DA:246,0
DA:247,0
DA:254,0
DA:255,0
DA:257,0
DA:258,0
DA:259,0
DA:260,0
DA:261,0
DA:262,0
DA:264,0
DA:265,0
FN:273,getLength
FNDA:0,getLength
DA:274,0
FN:279,getETHPrice
FNDA:0,getETHPrice
DA:280,0
FNF:11
FNH:0
LF:70
LH:0
BRF:28
BRH:0
end_of_record
TN:
SF:contracts/src/LandBank.sol
FN:17,
FNDA:0,
DA:18,0
DA:22,0
DA:23,0
FN:28,buyLandFromBank
FNDA:0,buyLandFromBank
DA:32,0
DA:33,0
FN:36,sellLandToBank
FNDA:0,sellLandToBank
DA:40,0
DA:41,0
FN:49,withdraw
FNDA:0,withdraw
DA:50,0
DA:54,0
DA:58,0
FNF:4
FNH:0
LF:10
LH:0
BRF:0
BRH:0
end_of_record
TN:
SF:contracts/src/SwapToken.sol
FN:35,swap
FNDA:0,swap
DA:42,0
DA:50,0
DA:52,0
DA:53,0
DA:54,0
DA:55,0
BRDA:55,0,0,-
DA:56,0
BRDA:55,0,1,-
DA:59,0
BRDA:59,1,0,-
DA:62,0
DA:65,0
DA:67,0
FN:80,getAmountOutMin
FNDA:0,getAmountOutMin
DA:88,0
DA:89,0
BRDA:89,2,0,-
DA:90,0
DA:91,0
DA:92,0
BRDA:89,2,1,-
DA:94,0
DA:95,0
DA:96,0
DA:97,0
DA:100,0
DA:102,0
FNF:2
FNH:0
LF:22
LH:0
BRF:5
BRH:0
end_of_record
